{"/home/oem/code/extract-text-webpack-plugin/index.js":{"path":"/home/oem/code/extract-text-webpack-plugin/index.js","s":{"1":1,"2":1,"3":1,"4":1,"5":1,"6":1,"7":1,"8":1,"9":8,"10":1,"11":20,"12":12,"13":12,"14":8,"15":0,"16":8,"17":8,"18":8,"19":8,"20":7,"21":7,"22":8,"23":0,"24":0,"25":0,"26":1,"27":18,"28":18,"29":16,"30":2,"31":2,"32":2,"33":0,"34":18,"35":1,"36":18,"37":0,"38":18,"39":18,"40":18,"41":18,"42":18,"43":18,"44":18,"45":18,"46":18,"47":1,"48":12,"49":12,"50":21,"51":21,"52":12,"53":1,"54":9,"55":9,"56":9,"57":1,"58":9,"59":9,"60":9,"61":0,"62":9,"63":0,"64":9,"65":9,"66":9,"67":9,"68":0,"69":0,"70":0,"71":0,"72":0,"73":0,"74":0,"75":0,"76":0,"77":0,"78":0,"79":0,"80":0,"81":0,"82":0,"83":1,"84":8,"85":8,"86":8,"87":8,"88":8,"89":3,"90":8,"91":8,"92":8,"93":1,"94":1,"95":8,"96":8,"97":0,"98":0,"99":0,"100":1,"101":8,"102":1,"103":8,"104":0,"105":0,"106":0,"107":8,"108":8,"109":8,"110":1,"111":21,"112":0,"113":21,"114":1,"115":0,"116":0,"117":0,"118":1,"119":0,"120":0,"121":0,"122":0,"123":0,"124":0,"125":0,"126":1,"127":8,"128":8,"129":8,"130":8,"131":43,"132":46,"133":0,"134":46,"135":0,"136":46,"137":46,"138":8,"139":8,"140":8,"141":8,"142":8,"143":20,"144":8,"145":20,"146":8,"147":8,"148":19,"149":8,"150":19,"151":19,"152":19,"153":19,"154":19,"155":19,"156":19,"157":8,"158":19,"159":8,"160":8,"161":12,"162":12,"163":0,"164":12,"165":12,"166":8,"167":12,"168":12,"169":0,"170":12,"171":12,"172":8,"173":19,"174":19,"175":19,"176":36,"177":36,"178":23,"179":23,"180":10,"181":10,"182":10,"183":0,"184":0,"185":10,"186":10,"187":0,"188":0,"189":0,"190":10,"191":10,"192":10,"193":13,"194":8,"195":13,"196":13,"197":19,"198":0,"199":19,"200":8,"201":0,"202":8,"203":19,"204":12,"205":8,"206":19,"207":7,"208":4,"209":8,"210":8,"211":8,"212":8,"213":19,"214":12,"215":9,"216":0,"217":0,"218":9,"219":12,"220":12,"221":12,"222":0,"223":12,"224":12,"225":8},"b":{"1":[12,8],"2":[0,8],"3":[8,0],"4":[0,0],"5":[16,2],"6":[0,2],"7":[0,18],"8":[18,18],"9":[18,18],"10":[9,0],"11":[0,9],"12":[0,9],"13":[9,0],"14":[0,0],"15":[0,0],"16":[0,0],"17":[0,0],"18":[0,0],"19":[0,0],"20":[0,0],"21":[8,0],"22":[3,5],"23":[8,0],"24":[8,0],"25":[0,8],"26":[8,8],"27":[0,0],"28":[0,21],"29":[0,0],"30":[0,0],"31":[0,0],"32":[0,0],"33":[0,46],"34":[0,46],"35":[46,30],"36":[46,0],"37":[46,34],"38":[0,12],"39":[0,12],"40":[19,10],"41":[36,36],"42":[23,13],"43":[36,23,0],"44":[10,13],"45":[0,10],"46":[0,10],"47":[10,0],"48":[8,5],"49":[0,19],"50":[0,8],"51":[12,7],"52":[7,12],"53":[12,7],"54":[0,9]},"f":{"1":8,"2":20,"3":8,"4":7,"5":0,"6":18,"7":18,"8":18,"9":12,"10":21,"11":9,"12":9,"13":8,"14":8,"15":0,"16":8,"17":8,"18":21,"19":0,"20":0,"21":8,"22":8,"23":43,"24":46,"25":8,"26":20,"27":20,"28":8,"29":19,"30":19,"31":8,"32":8,"33":12,"34":12,"35":19,"36":36,"37":10,"38":19,"39":8,"40":19,"41":19,"42":4,"43":8,"44":19,"45":9,"46":0},"fnMap":{"1":{"name":"ExtractTextPluginCompilation","line":14,"loc":{"start":{"line":14,"column":0},"end":{"line":14,"column":40}}},"2":{"name":"(anonymous_2)","line":18,"loc":{"start":{"line":18,"column":52},"end":{"line":18,"column":94}}},"3":{"name":"(anonymous_3)","line":21,"loc":{"start":{"line":21,"column":23},"end":{"line":21,"column":35}}},"4":{"name":"(anonymous_4)","line":27,"loc":{"start":{"line":27,"column":32},"end":{"line":27,"column":49}}},"5":{"name":"(anonymous_5)","line":31,"loc":{"start":{"line":31,"column":23},"end":{"line":31,"column":35}}},"6":{"name":"(anonymous_6)","line":38,"loc":{"start":{"line":38,"column":51},"end":{"line":38,"column":143}}},"7":{"name":"(anonymous_7)","line":52,"loc":{"start":{"line":52,"column":58},"end":{"line":52,"column":119}}},"8":{"name":"(anonymous_8)","line":58,"loc":{"start":{"line":58,"column":16},"end":{"line":58,"column":31}}},"9":{"name":"(anonymous_9)","line":68,"loc":{"start":{"line":68,"column":51},"end":{"line":68,"column":67}}},"10":{"name":"(anonymous_10)","line":70,"loc":{"start":{"line":70,"column":23},"end":{"line":70,"column":40}}},"11":{"name":"isInvalidOrder","line":77,"loc":{"start":{"line":77,"column":0},"end":{"line":77,"column":30}}},"12":{"name":"getOrder","line":83,"loc":{"start":{"line":83,"column":0},"end":{"line":83,"column":24}}},"13":{"name":"ExtractTextPlugin","line":103,"loc":{"start":{"line":103,"column":0},"end":{"line":103,"column":50}}},"14":{"name":"mergeOptions","line":116,"loc":{"start":{"line":116,"column":0},"end":{"line":116,"column":28}}},"15":{"name":"(anonymous_15)","line":118,"loc":{"start":{"line":118,"column":24},"end":{"line":118,"column":38}}},"16":{"name":"(anonymous_16)","line":124,"loc":{"start":{"line":124,"column":27},"end":{"line":124,"column":45}}},"17":{"name":"(anonymous_17)","line":128,"loc":{"start":{"line":128,"column":28},"end":{"line":128,"column":62}}},"18":{"name":"(anonymous_18)","line":145,"loc":{"start":{"line":145,"column":57},"end":{"line":145,"column":80}}},"19":{"name":"(anonymous_19)","line":156,"loc":{"start":{"line":156,"column":37},"end":{"line":156,"column":55}}},"20":{"name":"(anonymous_20)","line":162,"loc":{"start":{"line":162,"column":38},"end":{"line":162,"column":72}}},"21":{"name":"(anonymous_21)","line":179,"loc":{"start":{"line":179,"column":36},"end":{"line":179,"column":55}}},"22":{"name":"(anonymous_22)","line":181,"loc":{"start":{"line":181,"column":37},"end":{"line":181,"column":59}}},"23":{"name":"(anonymous_23)","line":183,"loc":{"start":{"line":183,"column":45},"end":{"line":183,"column":77}}},"24":{"name":"(anonymous_24)","line":184,"loc":{"start":{"line":184,"column":30},"end":{"line":184,"column":53}}},"25":{"name":"(anonymous_25)","line":199,"loc":{"start":{"line":199,"column":33},"end":{"line":199,"column":44}}},"26":{"name":"(anonymous_26)","line":200,"loc":{"start":{"line":200,"column":43},"end":{"line":200,"column":55}}},"27":{"name":"(anonymous_27)","line":203,"loc":{"start":{"line":203,"column":45},"end":{"line":203,"column":57}}},"28":{"name":"(anonymous_28)","line":207,"loc":{"start":{"line":207,"column":38},"end":{"line":207,"column":74}}},"29":{"name":"(anonymous_29)","line":208,"loc":{"start":{"line":208,"column":32},"end":{"line":208,"column":43}}},"30":{"name":"(anonymous_30)","line":211,"loc":{"start":{"line":211,"column":18},"end":{"line":211,"column":37}}},"31":{"name":"(anonymous_31)","line":218,"loc":{"start":{"line":218,"column":25},"end":{"line":218,"column":37}}},"32":{"name":"(anonymous_32)","line":221,"loc":{"start":{"line":221,"column":26},"end":{"line":221,"column":38}}},"33":{"name":"(anonymous_33)","line":225,"loc":{"start":{"line":225,"column":23},"end":{"line":225,"column":39}}},"34":{"name":"(anonymous_34)","line":231,"loc":{"start":{"line":231,"column":25},"end":{"line":231,"column":41}}},"35":{"name":"(anonymous_35)","line":237,"loc":{"start":{"line":237,"column":25},"end":{"line":237,"column":51}}},"36":{"name":"(anonymous_36)","line":240,"loc":{"start":{"line":240,"column":41},"end":{"line":240,"column":68}}},"37":{"name":"(anonymous_37)","line":246,"loc":{"start":{"line":246,"column":41},"end":{"line":246,"column":55}}},"38":{"name":"(anonymous_38)","line":267,"loc":{"start":{"line":267,"column":7},"end":{"line":267,"column":21}}},"39":{"name":"(anonymous_39)","line":271,"loc":{"start":{"line":271,"column":6},"end":{"line":271,"column":20}}},"40":{"name":"(anonymous_40)","line":273,"loc":{"start":{"line":273,"column":28},"end":{"line":273,"column":53}}},"41":{"name":"(anonymous_41)","line":277,"loc":{"start":{"line":277,"column":28},"end":{"line":277,"column":53}}},"42":{"name":"(anonymous_42)","line":279,"loc":{"start":{"line":279,"column":37},"end":{"line":279,"column":54}}},"43":{"name":"(anonymous_43)","line":288,"loc":{"start":{"line":288,"column":42},"end":{"line":288,"column":61}}},"44":{"name":"(anonymous_44)","line":289,"loc":{"start":{"line":289,"column":27},"end":{"line":289,"column":52}}},"45":{"name":"(anonymous_45)","line":291,"loc":{"start":{"line":291,"column":33},"end":{"line":291,"column":48}}},"46":{"name":"(anonymous_46)","line":302,"loc":{"start":{"line":302,"column":76},"end":{"line":302,"column":87}}}},"statementMap":{"1":{"start":{"line":5,"column":0},"end":{"line":5,"column":55}},"2":{"start":{"line":6,"column":0},"end":{"line":6,"column":29}},"3":{"start":{"line":7,"column":0},"end":{"line":7,"column":51}},"4":{"start":{"line":8,"column":0},"end":{"line":8,"column":41}},"5":{"start":{"line":9,"column":0},"end":{"line":9,"column":59}},"6":{"start":{"line":10,"column":0},"end":{"line":10,"column":42}},"7":{"start":{"line":12,"column":0},"end":{"line":12,"column":15}},"8":{"start":{"line":14,"column":0},"end":{"line":16,"column":1}},"9":{"start":{"line":15,"column":1},"end":{"line":15,"column":31}},"10":{"start":{"line":18,"column":0},"end":{"line":36,"column":2}},"11":{"start":{"line":19,"column":1},"end":{"line":35,"column":2}},"12":{"start":{"line":20,"column":2},"end":{"line":20,"column":21}},"13":{"start":{"line":21,"column":2},"end":{"line":24,"column":11}},"14":{"start":{"line":22,"column":3},"end":{"line":22,"column":24}},"15":{"start":{"line":22,"column":17},"end":{"line":22,"column":24}},"16":{"start":{"line":23,"column":3},"end":{"line":23,"column":55}},"17":{"start":{"line":25,"column":8},"end":{"line":35,"column":2}},"18":{"start":{"line":26,"column":2},"end":{"line":26,"column":28}},"19":{"start":{"line":27,"column":2},"end":{"line":30,"column":5}},"20":{"start":{"line":28,"column":3},"end":{"line":28,"column":31}},"21":{"start":{"line":29,"column":3},"end":{"line":29,"column":30}},"22":{"start":{"line":31,"column":2},"end":{"line":34,"column":11}},"23":{"start":{"line":32,"column":3},"end":{"line":32,"column":24}},"24":{"start":{"line":32,"column":17},"end":{"line":32,"column":24}},"25":{"start":{"line":33,"column":3},"end":{"line":33,"column":59}},"26":{"start":{"line":38,"column":0},"end":{"line":50,"column":2}},"27":{"start":{"line":39,"column":1},"end":{"line":39,"column":7}},"28":{"start":{"line":40,"column":1},"end":{"line":48,"column":2}},"29":{"start":{"line":41,"column":2},"end":{"line":41,"column":148}},"30":{"start":{"line":43,"column":2},"end":{"line":43,"column":43}},"31":{"start":{"line":44,"column":2},"end":{"line":44,"column":32}},"32":{"start":{"line":45,"column":2},"end":{"line":47,"column":3}},"33":{"start":{"line":46,"column":3},"end":{"line":46,"column":39}},"34":{"start":{"line":49,"column":1},"end":{"line":49,"column":10}},"35":{"start":{"line":52,"column":0},"end":{"line":66,"column":2}},"36":{"start":{"line":53,"column":1},"end":{"line":55,"column":2}},"37":{"start":{"line":54,"column":2},"end":{"line":54,"column":34}},"38":{"start":{"line":56,"column":1},"end":{"line":56,"column":21}},"39":{"start":{"line":57,"column":1},"end":{"line":57,"column":22}},"40":{"start":{"line":58,"column":1},"end":{"line":65,"column":10}},"41":{"start":{"line":59,"column":2},"end":{"line":59,"column":30}},"42":{"start":{"line":60,"column":2},"end":{"line":60,"column":126}},"43":{"start":{"line":61,"column":2},"end":{"line":61,"column":35}},"44":{"start":{"line":62,"column":2},"end":{"line":62,"column":34}},"45":{"start":{"line":63,"column":2},"end":{"line":63,"column":37}},"46":{"start":{"line":64,"column":2},"end":{"line":64,"column":27}},"47":{"start":{"line":68,"column":0},"end":{"line":75,"column":2}},"48":{"start":{"line":69,"column":1},"end":{"line":69,"column":33}},"49":{"start":{"line":70,"column":1},"end":{"line":73,"column":10}},"50":{"start":{"line":71,"column":2},"end":{"line":71,"column":37}},"51":{"start":{"line":72,"column":2},"end":{"line":72,"column":90}},"52":{"start":{"line":74,"column":1},"end":{"line":74,"column":15}},"53":{"start":{"line":77,"column":0},"end":{"line":81,"column":1}},"54":{"start":{"line":78,"column":1},"end":{"line":78,"column":51}},"55":{"start":{"line":79,"column":1},"end":{"line":79,"column":51}},"56":{"start":{"line":80,"column":1},"end":{"line":80,"column":29}},"57":{"start":{"line":83,"column":0},"end":{"line":101,"column":1}},"58":{"start":{"line":84,"column":1},"end":{"line":84,"column":27}},"59":{"start":{"line":85,"column":1},"end":{"line":85,"column":27}},"60":{"start":{"line":86,"column":1},"end":{"line":86,"column":31}},"61":{"start":{"line":86,"column":21},"end":{"line":86,"column":31}},"62":{"start":{"line":87,"column":1},"end":{"line":87,"column":30}},"63":{"start":{"line":87,"column":21},"end":{"line":87,"column":30}},"64":{"start":{"line":88,"column":1},"end":{"line":88,"column":43}},"65":{"start":{"line":89,"column":1},"end":{"line":89,"column":43}},"66":{"start":{"line":90,"column":1},"end":{"line":90,"column":31}},"67":{"start":{"line":90,"column":21},"end":{"line":90,"column":31}},"68":{"start":{"line":91,"column":1},"end":{"line":91,"column":30}},"69":{"start":{"line":91,"column":21},"end":{"line":91,"column":30}},"70":{"start":{"line":92,"column":1},"end":{"line":92,"column":51}},"71":{"start":{"line":93,"column":1},"end":{"line":93,"column":51}},"72":{"start":{"line":94,"column":1},"end":{"line":94,"column":37}},"73":{"start":{"line":94,"column":27},"end":{"line":94,"column":37}},"74":{"start":{"line":95,"column":1},"end":{"line":95,"column":36}},"75":{"start":{"line":95,"column":27},"end":{"line":95,"column":36}},"76":{"start":{"line":96,"column":1},"end":{"line":96,"column":25}},"77":{"start":{"line":97,"column":1},"end":{"line":97,"column":25}},"78":{"start":{"line":98,"column":1},"end":{"line":98,"column":23}},"79":{"start":{"line":98,"column":13},"end":{"line":98,"column":23}},"80":{"start":{"line":99,"column":1},"end":{"line":99,"column":22}},"81":{"start":{"line":99,"column":13},"end":{"line":99,"column":22}},"82":{"start":{"line":100,"column":1},"end":{"line":100,"column":10}},"83":{"start":{"line":103,"column":0},"end":{"line":113,"column":1}},"84":{"start":{"line":104,"column":1},"end":{"line":108,"column":2}},"85":{"start":{"line":105,"column":2},"end":{"line":105,"column":21}},"86":{"start":{"line":106,"column":2},"end":{"line":106,"column":16}},"87":{"start":{"line":107,"column":2},"end":{"line":107,"column":16}},"88":{"start":{"line":109,"column":1},"end":{"line":109,"column":27}},"89":{"start":{"line":109,"column":14},"end":{"line":109,"column":27}},"90":{"start":{"line":110,"column":1},"end":{"line":110,"column":26}},"91":{"start":{"line":111,"column":1},"end":{"line":111,"column":24}},"92":{"start":{"line":112,"column":1},"end":{"line":112,"column":14}},"93":{"start":{"line":114,"column":0},"end":{"line":114,"column":35}},"94":{"start":{"line":116,"column":0},"end":{"line":122,"column":1}},"95":{"start":{"line":117,"column":1},"end":{"line":117,"column":17}},"96":{"start":{"line":117,"column":8},"end":{"line":117,"column":17}},"97":{"start":{"line":118,"column":1},"end":{"line":120,"column":4}},"98":{"start":{"line":119,"column":2},"end":{"line":119,"column":18}},"99":{"start":{"line":121,"column":1},"end":{"line":121,"column":10}},"100":{"start":{"line":124,"column":0},"end":{"line":126,"column":2}},"101":{"start":{"line":125,"column":1},"end":{"line":125,"column":85}},"102":{"start":{"line":128,"column":0},"end":{"line":143,"column":2}},"103":{"start":{"line":129,"column":1},"end":{"line":142,"column":2}},"104":{"start":{"line":130,"column":2},"end":{"line":132,"column":3}},"105":{"start":{"line":131,"column":3},"end":{"line":131,"column":30}},"106":{"start":{"line":133,"column":2},"end":{"line":135,"column":37}},"107":{"start":{"line":137,"column":2},"end":{"line":137,"column":19}},"108":{"start":{"line":138,"column":2},"end":{"line":138,"column":18}},"109":{"start":{"line":139,"column":2},"end":{"line":141,"column":29}},"110":{"start":{"line":145,"column":0},"end":{"line":154,"column":2}},"111":{"start":{"line":146,"column":1},"end":{"line":152,"column":2}},"112":{"start":{"line":147,"column":2},"end":{"line":151,"column":4}},"113":{"start":{"line":153,"column":1},"end":{"line":153,"column":15}},"114":{"start":{"line":156,"column":0},"end":{"line":160,"column":2}},"115":{"start":{"line":157,"column":1},"end":{"line":157,"column":53}},"116":{"start":{"line":158,"column":1},"end":{"line":158,"column":22}},"117":{"start":{"line":159,"column":1},"end":{"line":159,"column":42}},"118":{"start":{"line":162,"column":0},"end":{"line":177,"column":2}},"119":{"start":{"line":163,"column":1},"end":{"line":176,"column":2}},"120":{"start":{"line":164,"column":2},"end":{"line":166,"column":3}},"121":{"start":{"line":165,"column":3},"end":{"line":165,"column":30}},"122":{"start":{"line":167,"column":2},"end":{"line":169,"column":37}},"123":{"start":{"line":171,"column":2},"end":{"line":171,"column":19}},"124":{"start":{"line":172,"column":2},"end":{"line":172,"column":18}},"125":{"start":{"line":173,"column":2},"end":{"line":175,"column":29}},"126":{"start":{"line":179,"column":0},"end":{"line":312,"column":2}},"127":{"start":{"line":180,"column":1},"end":{"line":180,"column":28}},"128":{"start":{"line":181,"column":1},"end":{"line":311,"column":15}},"129":{"start":{"line":182,"column":2},"end":{"line":182,"column":62}},"130":{"start":{"line":183,"column":2},"end":{"line":195,"column":5}},"131":{"start":{"line":184,"column":3},"end":{"line":194,"column":5}},"132":{"start":{"line":185,"column":4},"end":{"line":186,"column":18}},"133":{"start":{"line":186,"column":5},"end":{"line":186,"column":18}},"134":{"start":{"line":187,"column":4},"end":{"line":188,"column":56}},"135":{"start":{"line":188,"column":5},"end":{"line":188,"column":56}},"136":{"start":{"line":189,"column":4},"end":{"line":192,"column":6}},"137":{"start":{"line":193,"column":4},"end":{"line":193,"column":68}},"138":{"start":{"line":196,"column":2},"end":{"line":196,"column":31}},"139":{"start":{"line":197,"column":2},"end":{"line":197,"column":19}},"140":{"start":{"line":198,"column":2},"end":{"line":198,"column":50}},"141":{"start":{"line":199,"column":2},"end":{"line":206,"column":5}},"142":{"start":{"line":200,"column":3},"end":{"line":202,"column":6}},"143":{"start":{"line":201,"column":4},"end":{"line":201,"column":19}},"144":{"start":{"line":203,"column":3},"end":{"line":205,"column":6}},"145":{"start":{"line":204,"column":4},"end":{"line":204,"column":21}},"146":{"start":{"line":207,"column":2},"end":{"line":287,"column":16}},"147":{"start":{"line":208,"column":3},"end":{"line":210,"column":6}},"148":{"start":{"line":209,"column":4},"end":{"line":209,"column":23}},"149":{"start":{"line":211,"column":3},"end":{"line":224,"column":6}},"150":{"start":{"line":212,"column":4},"end":{"line":212,"column":44}},"151":{"start":{"line":213,"column":4},"end":{"line":213,"column":29}},"152":{"start":{"line":214,"column":4},"end":{"line":214,"column":41}},"153":{"start":{"line":215,"column":4},"end":{"line":215,"column":37}},"154":{"start":{"line":216,"column":4},"end":{"line":216,"column":39}},"155":{"start":{"line":217,"column":4},"end":{"line":217,"column":43}},"156":{"start":{"line":218,"column":4},"end":{"line":220,"column":7}},"157":{"start":{"line":219,"column":5},"end":{"line":219,"column":65}},"158":{"start":{"line":221,"column":4},"end":{"line":223,"column":7}},"159":{"start":{"line":222,"column":5},"end":{"line":222,"column":66}},"160":{"start":{"line":225,"column":3},"end":{"line":230,"column":6}},"161":{"start":{"line":226,"column":4},"end":{"line":226,"column":36}},"162":{"start":{"line":227,"column":4},"end":{"line":227,"column":23}},"163":{"start":{"line":227,"column":16},"end":{"line":227,"column":23}},"164":{"start":{"line":228,"column":4},"end":{"line":228,"column":46}},"165":{"start":{"line":229,"column":4},"end":{"line":229,"column":32}},"166":{"start":{"line":231,"column":3},"end":{"line":236,"column":6}},"167":{"start":{"line":232,"column":4},"end":{"line":232,"column":36}},"168":{"start":{"line":233,"column":4},"end":{"line":233,"column":23}},"169":{"start":{"line":233,"column":16},"end":{"line":233,"column":23}},"170":{"start":{"line":234,"column":4},"end":{"line":234,"column":46}},"171":{"start":{"line":235,"column":4},"end":{"line":235,"column":34}},"172":{"start":{"line":237,"column":3},"end":{"line":286,"column":17}},"173":{"start":{"line":238,"column":4},"end":{"line":238,"column":64}},"174":{"start":{"line":239,"column":4},"end":{"line":239,"column":63}},"175":{"start":{"line":240,"column":4},"end":{"line":270,"column":7}},"176":{"start":{"line":241,"column":5},"end":{"line":241,"column":54}},"177":{"start":{"line":242,"column":5},"end":{"line":266,"column":23}},"178":{"start":{"line":243,"column":6},"end":{"line":243,"column":53}},"179":{"start":{"line":244,"column":6},"end":{"line":265,"column":7}},"180":{"start":{"line":245,"column":7},"end":{"line":245,"column":59}},"181":{"start":{"line":246,"column":7},"end":{"line":260,"column":10}},"182":{"start":{"line":247,"column":8},"end":{"line":250,"column":9}},"183":{"start":{"line":248,"column":9},"end":{"line":248,"column":38}},"184":{"start":{"line":249,"column":9},"end":{"line":249,"column":27}},"185":{"start":{"line":251,"column":8},"end":{"line":251,"column":38}},"186":{"start":{"line":252,"column":8},"end":{"line":256,"column":9}},"187":{"start":{"line":253,"column":9},"end":{"line":253,"column":74}},"188":{"start":{"line":254,"column":9},"end":{"line":254,"column":38}},"189":{"start":{"line":255,"column":9},"end":{"line":255,"column":27}},"190":{"start":{"line":257,"column":8},"end":{"line":258,"column":104}},"191":{"start":{"line":258,"column":9},"end":{"line":258,"column":104}},"192":{"start":{"line":259,"column":8},"end":{"line":259,"column":19}},"193":{"start":{"line":262,"column":7},"end":{"line":263,"column":103}},"194":{"start":{"line":263,"column":8},"end":{"line":263,"column":103}},"195":{"start":{"line":264,"column":7},"end":{"line":264,"column":18}},"196":{"start":{"line":266,"column":12},"end":{"line":266,"column":23}},"197":{"start":{"line":268,"column":5},"end":{"line":268,"column":34}},"198":{"start":{"line":268,"column":13},"end":{"line":268,"column":34}},"199":{"start":{"line":269,"column":5},"end":{"line":269,"column":16}},"200":{"start":{"line":272,"column":4},"end":{"line":272,"column":33}},"201":{"start":{"line":272,"column":12},"end":{"line":272,"column":33}},"202":{"start":{"line":273,"column":4},"end":{"line":276,"column":13}},"203":{"start":{"line":274,"column":5},"end":{"line":275,"column":49}},"204":{"start":{"line":275,"column":6},"end":{"line":275,"column":49}},"205":{"start":{"line":277,"column":4},"end":{"line":283,"column":7}},"206":{"start":{"line":278,"column":5},"end":{"line":282,"column":6}},"207":{"start":{"line":279,"column":6},"end":{"line":281,"column":9}},"208":{"start":{"line":280,"column":7},"end":{"line":280,"column":43}},"209":{"start":{"line":284,"column":4},"end":{"line":284,"column":75}},"210":{"start":{"line":285,"column":4},"end":{"line":285,"column":15}},"211":{"start":{"line":288,"column":2},"end":{"line":310,"column":16}},"212":{"start":{"line":289,"column":3},"end":{"line":308,"column":12}},"213":{"start":{"line":290,"column":4},"end":{"line":307,"column":5}},"214":{"start":{"line":291,"column":5},"end":{"line":297,"column":8}},"215":{"start":{"line":292,"column":6},"end":{"line":295,"column":7}},"216":{"start":{"line":293,"column":7},"end":{"line":293,"column":79}},"217":{"start":{"line":294,"column":7},"end":{"line":294,"column":79}},"218":{"start":{"line":296,"column":6},"end":{"line":296,"column":28}},"219":{"start":{"line":298,"column":5},"end":{"line":298,"column":46}},"220":{"start":{"line":299,"column":5},"end":{"line":299,"column":60}},"221":{"start":{"line":300,"column":5},"end":{"line":304,"column":8}},"222":{"start":{"line":303,"column":6},"end":{"line":303,"column":112}},"223":{"start":{"line":305,"column":5},"end":{"line":305,"column":39}},"224":{"start":{"line":306,"column":5},"end":{"line":306,"column":28}},"225":{"start":{"line":309,"column":3},"end":{"line":309,"column":14}}},"branchMap":{"1":{"line":19,"type":"if","locations":[{"start":{"line":19,"column":1},"end":{"line":19,"column":1}},{"start":{"line":19,"column":1},"end":{"line":19,"column":1}}]},"2":{"line":22,"type":"if","locations":[{"start":{"line":22,"column":3},"end":{"line":22,"column":3}},{"start":{"line":22,"column":3},"end":{"line":22,"column":3}}]},"3":{"line":25,"type":"if","locations":[{"start":{"line":25,"column":8},"end":{"line":25,"column":8}},{"start":{"line":25,"column":8},"end":{"line":25,"column":8}}]},"4":{"line":32,"type":"if","locations":[{"start":{"line":32,"column":3},"end":{"line":32,"column":3}},{"start":{"line":32,"column":3},"end":{"line":32,"column":3}}]},"5":{"line":40,"type":"if","locations":[{"start":{"line":40,"column":1},"end":{"line":40,"column":1}},{"start":{"line":40,"column":1},"end":{"line":40,"column":1}}]},"6":{"line":45,"type":"if","locations":[{"start":{"line":45,"column":2},"end":{"line":45,"column":2}},{"start":{"line":45,"column":2},"end":{"line":45,"column":2}}]},"7":{"line":53,"type":"if","locations":[{"start":{"line":53,"column":1},"end":{"line":53,"column":1}},{"start":{"line":53,"column":1},"end":{"line":53,"column":1}}]},"8":{"line":60,"type":"binary-expr","locations":[{"start":{"line":60,"column":52},"end":{"line":60,"column":53}},{"start":{"line":60,"column":57},"end":{"line":60,"column":59}}]},"9":{"line":63,"type":"binary-expr","locations":[{"start":{"line":63,"column":25},"end":{"line":63,"column":26}},{"start":{"line":63,"column":30},"end":{"line":63,"column":31}}]},"10":{"line":80,"type":"binary-expr","locations":[{"start":{"line":80,"column":8},"end":{"line":80,"column":16}},{"start":{"line":80,"column":20},"end":{"line":80,"column":28}}]},"11":{"line":86,"type":"if","locations":[{"start":{"line":86,"column":1},"end":{"line":86,"column":1}},{"start":{"line":86,"column":1},"end":{"line":86,"column":1}}]},"12":{"line":87,"type":"if","locations":[{"start":{"line":87,"column":1},"end":{"line":87,"column":1}},{"start":{"line":87,"column":1},"end":{"line":87,"column":1}}]},"13":{"line":90,"type":"if","locations":[{"start":{"line":90,"column":1},"end":{"line":90,"column":1}},{"start":{"line":90,"column":1},"end":{"line":90,"column":1}}]},"14":{"line":91,"type":"if","locations":[{"start":{"line":91,"column":1},"end":{"line":91,"column":1}},{"start":{"line":91,"column":1},"end":{"line":91,"column":1}}]},"15":{"line":94,"type":"if","locations":[{"start":{"line":94,"column":1},"end":{"line":94,"column":1}},{"start":{"line":94,"column":1},"end":{"line":94,"column":1}}]},"16":{"line":94,"type":"binary-expr","locations":[{"start":{"line":94,"column":4},"end":{"line":94,"column":12}},{"start":{"line":94,"column":16},"end":{"line":94,"column":25}}]},"17":{"line":95,"type":"if","locations":[{"start":{"line":95,"column":1},"end":{"line":95,"column":1}},{"start":{"line":95,"column":1},"end":{"line":95,"column":1}}]},"18":{"line":95,"type":"binary-expr","locations":[{"start":{"line":95,"column":4},"end":{"line":95,"column":13}},{"start":{"line":95,"column":17},"end":{"line":95,"column":25}}]},"19":{"line":98,"type":"if","locations":[{"start":{"line":98,"column":1},"end":{"line":98,"column":1}},{"start":{"line":98,"column":1},"end":{"line":98,"column":1}}]},"20":{"line":99,"type":"if","locations":[{"start":{"line":99,"column":1},"end":{"line":99,"column":1}},{"start":{"line":99,"column":1},"end":{"line":99,"column":1}}]},"21":{"line":104,"type":"if","locations":[{"start":{"line":104,"column":1},"end":{"line":104,"column":1}},{"start":{"line":104,"column":1},"end":{"line":104,"column":1}}]},"22":{"line":109,"type":"if","locations":[{"start":{"line":109,"column":1},"end":{"line":109,"column":1}},{"start":{"line":109,"column":1},"end":{"line":109,"column":1}}]},"23":{"line":117,"type":"if","locations":[{"start":{"line":117,"column":1},"end":{"line":117,"column":1}},{"start":{"line":117,"column":1},"end":{"line":117,"column":1}}]},"24":{"line":125,"type":"cond-expr","locations":[{"start":{"line":125,"column":49},"end":{"line":125,"column":78}},{"start":{"line":125,"column":81},"end":{"line":125,"column":83}}]},"25":{"line":129,"type":"if","locations":[{"start":{"line":129,"column":1},"end":{"line":129,"column":1}},{"start":{"line":129,"column":1},"end":{"line":129,"column":1}}]},"26":{"line":129,"type":"binary-expr","locations":[{"start":{"line":129,"column":4},"end":{"line":129,"column":30}},{"start":{"line":129,"column":34},"end":{"line":129,"column":55}}]},"27":{"line":130,"type":"if","locations":[{"start":{"line":130,"column":2},"end":{"line":130,"column":2}},{"start":{"line":130,"column":2},"end":{"line":130,"column":2}}]},"28":{"line":146,"type":"if","locations":[{"start":{"line":146,"column":1},"end":{"line":146,"column":1}},{"start":{"line":146,"column":1},"end":{"line":146,"column":1}}]},"29":{"line":157,"type":"binary-expr","locations":[{"start":{"line":157,"column":37},"end":{"line":157,"column":44}},{"start":{"line":157,"column":48},"end":{"line":157,"column":50}}]},"30":{"line":163,"type":"if","locations":[{"start":{"line":163,"column":1},"end":{"line":163,"column":1}},{"start":{"line":163,"column":1},"end":{"line":163,"column":1}}]},"31":{"line":163,"type":"binary-expr","locations":[{"start":{"line":163,"column":4},"end":{"line":163,"column":30}},{"start":{"line":163,"column":34},"end":{"line":163,"column":55}}]},"32":{"line":164,"type":"if","locations":[{"start":{"line":164,"column":2},"end":{"line":164,"column":2}},{"start":{"line":164,"column":2},"end":{"line":164,"column":2}}]},"33":{"line":185,"type":"if","locations":[{"start":{"line":185,"column":4},"end":{"line":185,"column":4}},{"start":{"line":185,"column":4},"end":{"line":185,"column":4}}]},"34":{"line":187,"type":"if","locations":[{"start":{"line":187,"column":4},"end":{"line":187,"column":4}},{"start":{"line":187,"column":4},"end":{"line":187,"column":4}}]},"35":{"line":187,"type":"binary-expr","locations":[{"start":{"line":187,"column":7},"end":{"line":187,"column":30}},{"start":{"line":187,"column":34},"end":{"line":187,"column":50}}]},"36":{"line":191,"type":"binary-expr","locations":[{"start":{"line":191,"column":14},"end":{"line":191,"column":17}},{"start":{"line":191,"column":21},"end":{"line":191,"column":23}}]},"37":{"line":193,"type":"binary-expr","locations":[{"start":{"line":193,"column":11},"end":{"line":193,"column":28}},{"start":{"line":193,"column":32},"end":{"line":193,"column":67}}]},"38":{"line":227,"type":"if","locations":[{"start":{"line":227,"column":4},"end":{"line":227,"column":4}},{"start":{"line":227,"column":4},"end":{"line":227,"column":4}}]},"39":{"line":233,"type":"if","locations":[{"start":{"line":233,"column":4},"end":{"line":233,"column":4}},{"start":{"line":233,"column":4},"end":{"line":233,"column":4}}]},"40":{"line":239,"type":"binary-expr","locations":[{"start":{"line":239,"column":27},"end":{"line":239,"column":44}},{"start":{"line":239,"column":48},"end":{"line":239,"column":61}}]},"41":{"line":241,"type":"binary-expr","locations":[{"start":{"line":241,"column":16},"end":{"line":241,"column":27}},{"start":{"line":241,"column":31},"end":{"line":241,"column":53}}]},"42":{"line":242,"type":"if","locations":[{"start":{"line":242,"column":5},"end":{"line":242,"column":5}},{"start":{"line":242,"column":5},"end":{"line":242,"column":5}}]},"43":{"line":242,"type":"binary-expr","locations":[{"start":{"line":242,"column":8},"end":{"line":242,"column":12}},{"start":{"line":242,"column":17},"end":{"line":242,"column":33}},{"start":{"line":242,"column":37},"end":{"line":242,"column":59}}]},"44":{"line":244,"type":"if","locations":[{"start":{"line":244,"column":6},"end":{"line":244,"column":6}},{"start":{"line":244,"column":6},"end":{"line":244,"column":6}}]},"45":{"line":247,"type":"if","locations":[{"start":{"line":247,"column":8},"end":{"line":247,"column":8}},{"start":{"line":247,"column":8},"end":{"line":247,"column":8}}]},"46":{"line":252,"type":"if","locations":[{"start":{"line":252,"column":8},"end":{"line":252,"column":8}},{"start":{"line":252,"column":8},"end":{"line":252,"column":8}}]},"47":{"line":257,"type":"if","locations":[{"start":{"line":257,"column":8},"end":{"line":257,"column":8}},{"start":{"line":257,"column":8},"end":{"line":257,"column":8}}]},"48":{"line":262,"type":"if","locations":[{"start":{"line":262,"column":7},"end":{"line":262,"column":7}},{"start":{"line":262,"column":7},"end":{"line":262,"column":7}}]},"49":{"line":268,"type":"if","locations":[{"start":{"line":268,"column":5},"end":{"line":268,"column":5}},{"start":{"line":268,"column":5},"end":{"line":268,"column":5}}]},"50":{"line":272,"type":"if","locations":[{"start":{"line":272,"column":4},"end":{"line":272,"column":4}},{"start":{"line":272,"column":4},"end":{"line":272,"column":4}}]},"51":{"line":274,"type":"if","locations":[{"start":{"line":274,"column":5},"end":{"line":274,"column":5}},{"start":{"line":274,"column":5},"end":{"line":274,"column":5}}]},"52":{"line":278,"type":"if","locations":[{"start":{"line":278,"column":5},"end":{"line":278,"column":5}},{"start":{"line":278,"column":5},"end":{"line":278,"column":5}}]},"53":{"line":290,"type":"if","locations":[{"start":{"line":290,"column":4},"end":{"line":290,"column":4}},{"start":{"line":290,"column":4},"end":{"line":290,"column":4}}]},"54":{"line":292,"type":"if","locations":[{"start":{"line":292,"column":6},"end":{"line":292,"column":6}},{"start":{"line":292,"column":6},"end":{"line":292,"column":6}}]}}},"/home/oem/code/extract-text-webpack-plugin/ExtractedModule.js":{"path":"/home/oem/code/extract-text-webpack-plugin/ExtractedModule.js","s":{"1":1,"2":1,"3":1,"4":16,"5":16,"6":16,"7":16,"8":16,"9":16,"10":16,"11":1,"12":1,"13":18,"14":1,"15":25,"16":25,"17":25,"18":1,"19":1,"20":4,"21":1,"22":1,"23":0,"24":1,"25":21,"26":0,"27":21,"28":1,"29":20,"30":1,"31":18,"32":1,"33":2,"34":0,"35":0,"36":1,"37":0},"b":{"1":[0,18],"2":[25,0],"3":[0,21],"4":[0,0]},"f":{"1":16,"2":18,"3":25,"4":4,"5":0,"6":0,"7":21,"8":20,"9":18,"10":2,"11":0,"12":0},"fnMap":{"1":{"name":"ExtractedModule","line":8,"loc":{"start":{"line":8,"column":0},"end":{"line":8,"column":109}}},"2":{"name":"(anonymous_2)","line":19,"loc":{"start":{"line":19,"column":37},"end":{"line":19,"column":48}}},"3":{"name":"(anonymous_3)","line":24,"loc":{"start":{"line":24,"column":37},"end":{"line":24,"column":53}}},"4":{"name":"(anonymous_4)","line":32,"loc":{"start":{"line":32,"column":40},"end":{"line":32,"column":56}}},"5":{"name":"(anonymous_5)","line":36,"loc":{"start":{"line":36,"column":50},"end":{"line":36,"column":80}}},"6":{"name":"(anonymous_6)","line":38,"loc":{"start":{"line":38,"column":39},"end":{"line":38,"column":50}}},"7":{"name":"(anonymous_7)","line":42,"loc":{"start":{"line":42,"column":35},"end":{"line":42,"column":46}}},"8":{"name":"(anonymous_8)","line":49,"loc":{"start":{"line":49,"column":46},"end":{"line":49,"column":57}}},"9":{"name":"(anonymous_9)","line":53,"loc":{"start":{"line":53,"column":43},"end":{"line":53,"column":54}}},"10":{"name":"(anonymous_10)","line":57,"loc":{"start":{"line":57,"column":43},"end":{"line":57,"column":65}}},"11":{"name":"(anonymous_11)","line":58,"loc":{"start":{"line":58,"column":21},"end":{"line":58,"column":33}}},"12":{"name":"(anonymous_12)","line":64,"loc":{"start":{"line":64,"column":46},"end":{"line":64,"column":71}}}},"statementMap":{"1":{"start":{"line":5,"column":0},"end":{"line":5,"column":61}},"2":{"start":{"line":6,"column":0},"end":{"line":6,"column":49}},"3":{"start":{"line":8,"column":0},"end":{"line":16,"column":1}},"4":{"start":{"line":9,"column":1},"end":{"line":9,"column":31}},"5":{"start":{"line":10,"column":1},"end":{"line":10,"column":39}},"6":{"start":{"line":11,"column":1},"end":{"line":11,"column":23}},"7":{"start":{"line":12,"column":1},"end":{"line":12,"column":29}},"8":{"start":{"line":13,"column":1},"end":{"line":13,"column":33}},"9":{"start":{"line":14,"column":1},"end":{"line":14,"column":54}},"10":{"start":{"line":15,"column":1},"end":{"line":15,"column":18}},"11":{"start":{"line":17,"column":0},"end":{"line":17,"column":33}},"12":{"start":{"line":19,"column":0},"end":{"line":22,"column":2}},"13":{"start":{"line":21,"column":1},"end":{"line":21,"column":50}},"14":{"start":{"line":24,"column":0},"end":{"line":28,"column":2}},"15":{"start":{"line":25,"column":1},"end":{"line":25,"column":38}},"16":{"start":{"line":26,"column":1},"end":{"line":27,"column":26}},"17":{"start":{"line":27,"column":2},"end":{"line":27,"column":26}},"18":{"start":{"line":30,"column":0},"end":{"line":30,"column":76}},"19":{"start":{"line":32,"column":0},"end":{"line":34,"column":2}},"20":{"start":{"line":33,"column":1},"end":{"line":33,"column":59}},"21":{"start":{"line":36,"column":0},"end":{"line":36,"column":84}},"22":{"start":{"line":38,"column":0},"end":{"line":40,"column":2}},"23":{"start":{"line":39,"column":1},"end":{"line":39,"column":25}},"24":{"start":{"line":42,"column":0},"end":{"line":47,"column":2}},"25":{"start":{"line":43,"column":1},"end":{"line":46,"column":37}},"26":{"start":{"line":44,"column":2},"end":{"line":44,"column":66}},"27":{"start":{"line":46,"column":2},"end":{"line":46,"column":37}},"28":{"start":{"line":49,"column":0},"end":{"line":51,"column":2}},"29":{"start":{"line":50,"column":1},"end":{"line":50,"column":29}},"30":{"start":{"line":53,"column":0},"end":{"line":55,"column":2}},"31":{"start":{"line":54,"column":1},"end":{"line":54,"column":26}},"32":{"start":{"line":57,"column":0},"end":{"line":62,"column":2}},"33":{"start":{"line":58,"column":1},"end":{"line":61,"column":10}},"34":{"start":{"line":59,"column":2},"end":{"line":60,"column":29}},"35":{"start":{"line":60,"column":3},"end":{"line":60,"column":29}},"36":{"start":{"line":64,"column":0},"end":{"line":66,"column":2}},"37":{"start":{"line":65,"column":1},"end":{"line":65,"column":39}}},"branchMap":{"1":{"line":21,"type":"cond-expr","locations":[{"start":{"line":21,"column":44},"end":{"line":21,"column":45}},{"start":{"line":21,"column":48},"end":{"line":21,"column":49}}]},"2":{"line":26,"type":"if","locations":[{"start":{"line":26,"column":1},"end":{"line":26,"column":1}},{"start":{"line":26,"column":1},"end":{"line":26,"column":1}}]},"3":{"line":43,"type":"if","locations":[{"start":{"line":43,"column":1},"end":{"line":43,"column":1}},{"start":{"line":43,"column":1},"end":{"line":43,"column":1}}]},"4":{"line":59,"type":"if","locations":[{"start":{"line":59,"column":2},"end":{"line":59,"column":2}},{"start":{"line":59,"column":2},"end":{"line":59,"column":2}}]}}},"/home/oem/code/extract-text-webpack-plugin/OrderUndefinedError.js":{"path":"/home/oem/code/extract-text-webpack-plugin/OrderUndefinedError.js","s":{"1":1,"2":0,"3":0,"4":0,"5":0,"6":0,"7":1,"8":1},"b":{},"f":{"1":0},"fnMap":{"1":{"name":"OrderUndefinedError","line":5,"loc":{"start":{"line":5,"column":0},"end":{"line":5,"column":37}}}},"statementMap":{"1":{"start":{"line":5,"column":0},"end":{"line":11,"column":1}},"2":{"start":{"line":6,"column":1},"end":{"line":6,"column":18}},"3":{"start":{"line":7,"column":1},"end":{"line":7,"column":52}},"4":{"start":{"line":8,"column":1},"end":{"line":8,"column":35}},"5":{"start":{"line":9,"column":1},"end":{"line":9,"column":53}},"6":{"start":{"line":10,"column":1},"end":{"line":10,"column":22}},"7":{"start":{"line":12,"column":0},"end":{"line":12,"column":37}},"8":{"start":{"line":14,"column":0},"end":{"line":14,"column":63}}},"branchMap":{}},"/home/oem/code/extract-text-webpack-plugin/loader.js":{"path":"/home/oem/code/extract-text-webpack-plugin/loader.js","s":{"1":1,"2":1,"3":1,"4":1,"5":1,"6":1,"7":1,"8":14,"9":14,"10":14,"11":1,"12":30,"13":30,"14":30,"15":30,"16":30,"17":0,"18":30,"19":0,"20":30,"21":16,"22":0,"23":0,"24":16,"25":16,"26":16,"27":0,"28":16,"29":16,"30":16,"31":16,"32":16,"33":16,"34":16,"35":16,"36":16,"37":16,"38":16,"39":16,"40":16,"41":16,"42":16,"43":16,"44":16,"45":16,"46":16,"47":16,"48":16,"49":16,"50":16,"51":16,"52":16,"53":16,"54":16,"55":16,"56":16,"57":0,"58":16,"59":0,"60":16,"61":16,"62":16,"63":0,"64":16,"65":0,"66":16,"67":16,"68":16,"69":16,"70":16,"71":16,"72":16,"73":16,"74":16,"75":16,"76":16,"77":0,"78":0,"79":16,"80":16,"81":0,"82":0,"83":0},"b":{"1":[14,0],"2":[30,0],"3":[0,30],"4":[0,30],"5":[16,14],"6":[0,16],"7":[16,0],"8":[16,0],"9":[0,16],"10":[16,0],"11":[16,0],"12":[16,16],"13":[0,16],"14":[0,16],"15":[0,16],"16":[16,0],"17":[16,0],"18":[0,16],"19":[16,0],"20":[16,0]},"f":{"1":14,"2":30,"3":16,"4":16,"5":16,"6":16,"7":16,"8":16,"9":16,"10":16,"11":0,"12":16,"13":16},"fnMap":{"1":{"name":"(anonymous_1)","line":11,"loc":{"start":{"line":11,"column":17},"end":{"line":11,"column":34}}},"2":{"name":"(anonymous_2)","line":15,"loc":{"start":{"line":15,"column":23},"end":{"line":15,"column":41}}},"3":{"name":"(anonymous_3)","line":53,"loc":{"start":{"line":53,"column":39},"end":{"line":53,"column":61}}},"4":{"name":"(anonymous_4)","line":62,"loc":{"start":{"line":62,"column":44},"end":{"line":62,"column":66}}},"5":{"name":"(anonymous_5)","line":63,"loc":{"start":{"line":63,"column":47},"end":{"line":63,"column":71}}},"6":{"name":"(anonymous_6)","line":68,"loc":{"start":{"line":68,"column":41},"end":{"line":68,"column":73}}},"7":{"name":"(anonymous_7)","line":72,"loc":{"start":{"line":72,"column":31},"end":{"line":72,"column":47}}},"8":{"name":"(anonymous_8)","line":73,"loc":{"start":{"line":73,"column":25},"end":{"line":73,"column":40}}},"9":{"name":"(anonymous_9)","line":81,"loc":{"start":{"line":81,"column":28},"end":{"line":81,"column":64}}},"10":{"name":"(anonymous_10)","line":87,"loc":{"start":{"line":87,"column":41},"end":{"line":87,"column":55}}},"11":{"name":"(anonymous_11)","line":90,"loc":{"start":{"line":90,"column":44},"end":{"line":90,"column":58}}},"12":{"name":"(anonymous_12)","line":100,"loc":{"start":{"line":100,"column":18},"end":{"line":100,"column":33}}},"13":{"name":"(anonymous_13)","line":102,"loc":{"start":{"line":102,"column":34},"end":{"line":102,"column":51}}}},"statementMap":{"1":{"start":{"line":5,"column":0},"end":{"line":5,"column":42}},"2":{"start":{"line":6,"column":0},"end":{"line":6,"column":72}},"3":{"start":{"line":7,"column":0},"end":{"line":7,"column":68}},"4":{"start":{"line":8,"column":0},"end":{"line":8,"column":73}},"5":{"start":{"line":9,"column":0},"end":{"line":9,"column":65}},"6":{"start":{"line":10,"column":0},"end":{"line":10,"column":82}},"7":{"start":{"line":11,"column":0},"end":{"line":14,"column":2}},"8":{"start":{"line":12,"column":1},"end":{"line":12,"column":37}},"9":{"start":{"line":12,"column":20},"end":{"line":12,"column":37}},"10":{"start":{"line":13,"column":1},"end":{"line":13,"column":15}},"11":{"start":{"line":15,"column":0},"end":{"line":124,"column":2}},"12":{"start":{"line":16,"column":1},"end":{"line":16,"column":37}},"13":{"start":{"line":16,"column":20},"end":{"line":16,"column":37}},"14":{"start":{"line":17,"column":1},"end":{"line":17,"column":48}},"15":{"start":{"line":18,"column":1},"end":{"line":18,"column":39}},"16":{"start":{"line":20,"column":1},"end":{"line":123,"column":2}},"17":{"start":{"line":21,"column":2},"end":{"line":24,"column":4}},"18":{"start":{"line":25,"column":8},"end":{"line":123,"column":2}},"19":{"start":{"line":26,"column":2},"end":{"line":26,"column":12}},"20":{"start":{"line":27,"column":8},"end":{"line":123,"column":2}},"21":{"start":{"line":28,"column":2},"end":{"line":31,"column":3}},"22":{"start":{"line":29,"column":3},"end":{"line":29,"column":39}},"23":{"start":{"line":30,"column":3},"end":{"line":30,"column":61}},"24":{"start":{"line":32,"column":2},"end":{"line":32,"column":19}},"25":{"start":{"line":33,"column":2},"end":{"line":37,"column":3}},"26":{"start":{"line":34,"column":3},"end":{"line":34,"column":62}},"27":{"start":{"line":36,"column":3},"end":{"line":36,"column":28}},"28":{"start":{"line":39,"column":2},"end":{"line":122,"column":3}},"29":{"start":{"line":40,"column":3},"end":{"line":40,"column":69}},"30":{"start":{"line":41,"column":3},"end":{"line":41,"column":121}},"31":{"start":{"line":42,"column":3},"end":{"line":45,"column":5}},"32":{"start":{"line":46,"column":3},"end":{"line":46,"column":107}},"33":{"start":{"line":47,"column":3},"end":{"line":47,"column":62}},"34":{"start":{"line":48,"column":3},"end":{"line":48,"column":69}},"35":{"start":{"line":49,"column":3},"end":{"line":49,"column":47}},"36":{"start":{"line":50,"column":3},"end":{"line":50,"column":76}},"37":{"start":{"line":51,"column":3},"end":{"line":51,"column":68}},"38":{"start":{"line":52,"column":3},"end":{"line":52,"column":58}},"39":{"start":{"line":53,"column":3},"end":{"line":59,"column":6}},"40":{"start":{"line":54,"column":4},"end":{"line":58,"column":5}},"41":{"start":{"line":55,"column":5},"end":{"line":56,"column":39}},"42":{"start":{"line":56,"column":6},"end":{"line":56,"column":39}},"43":{"start":{"line":57,"column":5},"end":{"line":57,"column":53}},"44":{"start":{"line":62,"column":3},"end":{"line":66,"column":6}},"45":{"start":{"line":63,"column":4},"end":{"line":65,"column":7}},"46":{"start":{"line":64,"column":5},"end":{"line":64,"column":38}},"47":{"start":{"line":67,"column":3},"end":{"line":67,"column":14}},"48":{"start":{"line":68,"column":3},"end":{"line":79,"column":6}},"49":{"start":{"line":69,"column":4},"end":{"line":69,"column":93}},"50":{"start":{"line":72,"column":4},"end":{"line":76,"column":7}},"51":{"start":{"line":73,"column":5},"end":{"line":75,"column":8}},"52":{"start":{"line":74,"column":6},"end":{"line":74,"column":38}},"53":{"start":{"line":78,"column":4},"end":{"line":78,"column":15}},"54":{"start":{"line":80,"column":3},"end":{"line":80,"column":31}},"55":{"start":{"line":81,"column":3},"end":{"line":118,"column":17}},"56":{"start":{"line":82,"column":4},"end":{"line":82,"column":33}},"57":{"start":{"line":82,"column":12},"end":{"line":82,"column":33}},"58":{"start":{"line":84,"column":4},"end":{"line":86,"column":5}},"59":{"start":{"line":85,"column":5},"end":{"line":85,"column":44}},"60":{"start":{"line":87,"column":4},"end":{"line":89,"column":13}},"61":{"start":{"line":88,"column":5},"end":{"line":88,"column":29}},"62":{"start":{"line":90,"column":4},"end":{"line":92,"column":13}},"63":{"start":{"line":91,"column":5},"end":{"line":91,"column":36}},"64":{"start":{"line":93,"column":4},"end":{"line":95,"column":5}},"65":{"start":{"line":94,"column":5},"end":{"line":94,"column":75}},"66":{"start":{"line":96,"column":4},"end":{"line":113,"column":5}},"67":{"start":{"line":97,"column":5},"end":{"line":97,"column":43}},"68":{"start":{"line":98,"column":5},"end":{"line":99,"column":25}},"69":{"start":{"line":99,"column":6},"end":{"line":99,"column":25}},"70":{"start":{"line":100,"column":5},"end":{"line":106,"column":8}},"71":{"start":{"line":101,"column":6},"end":{"line":101,"column":23}},"72":{"start":{"line":102,"column":6},"end":{"line":105,"column":9}},"73":{"start":{"line":103,"column":7},"end":{"line":104,"column":38}},"74":{"start":{"line":104,"column":8},"end":{"line":104,"column":38}},"75":{"start":{"line":107,"column":5},"end":{"line":107,"column":34}},"76":{"start":{"line":108,"column":5},"end":{"line":110,"column":6}},"77":{"start":{"line":109,"column":6},"end":{"line":109,"column":80}},"78":{"start":{"line":112,"column":5},"end":{"line":112,"column":24}},"79":{"start":{"line":114,"column":4},"end":{"line":117,"column":16}},"80":{"start":{"line":115,"column":5},"end":{"line":115,"column":34}},"81":{"start":{"line":117,"column":5},"end":{"line":117,"column":16}},"82":{"start":{"line":120,"column":3},"end":{"line":120,"column":30}},"83":{"start":{"line":121,"column":3},"end":{"line":121,"column":23}}},"branchMap":{"1":{"line":12,"type":"if","locations":[{"start":{"line":12,"column":1},"end":{"line":12,"column":1}},{"start":{"line":12,"column":1},"end":{"line":12,"column":1}}]},"2":{"line":16,"type":"if","locations":[{"start":{"line":16,"column":1},"end":{"line":16,"column":1}},{"start":{"line":16,"column":1},"end":{"line":16,"column":1}}]},"3":{"line":20,"type":"if","locations":[{"start":{"line":20,"column":1},"end":{"line":20,"column":1}},{"start":{"line":20,"column":1},"end":{"line":20,"column":1}}]},"4":{"line":25,"type":"if","locations":[{"start":{"line":25,"column":8},"end":{"line":25,"column":8}},{"start":{"line":25,"column":8},"end":{"line":25,"column":8}}]},"5":{"line":27,"type":"if","locations":[{"start":{"line":27,"column":8},"end":{"line":27,"column":8}},{"start":{"line":27,"column":8},"end":{"line":27,"column":8}}]},"6":{"line":28,"type":"if","locations":[{"start":{"line":28,"column":2},"end":{"line":28,"column":2}},{"start":{"line":28,"column":2},"end":{"line":28,"column":2}}]},"7":{"line":33,"type":"if","locations":[{"start":{"line":33,"column":2},"end":{"line":33,"column":2}},{"start":{"line":33,"column":2},"end":{"line":33,"column":2}}]},"8":{"line":39,"type":"if","locations":[{"start":{"line":39,"column":2},"end":{"line":39,"column":2}},{"start":{"line":39,"column":2},"end":{"line":39,"column":2}}]},"9":{"line":41,"type":"cond-expr","locations":[{"start":{"line":41,"column":59},"end":{"line":41,"column":75}},{"start":{"line":41,"column":78},"end":{"line":41,"column":120}}]},"10":{"line":54,"type":"if","locations":[{"start":{"line":54,"column":4},"end":{"line":54,"column":4}},{"start":{"line":54,"column":4},"end":{"line":54,"column":4}}]},"11":{"line":55,"type":"if","locations":[{"start":{"line":55,"column":5},"end":{"line":55,"column":5}},{"start":{"line":55,"column":5},"end":{"line":55,"column":5}}]},"12":{"line":69,"type":"binary-expr","locations":[{"start":{"line":69,"column":13},"end":{"line":69,"column":46}},{"start":{"line":69,"column":50},"end":{"line":69,"column":92}}]},"13":{"line":82,"type":"if","locations":[{"start":{"line":82,"column":4},"end":{"line":82,"column":4}},{"start":{"line":82,"column":4},"end":{"line":82,"column":4}}]},"14":{"line":84,"type":"if","locations":[{"start":{"line":84,"column":4},"end":{"line":84,"column":4}},{"start":{"line":84,"column":4},"end":{"line":84,"column":4}}]},"15":{"line":93,"type":"if","locations":[{"start":{"line":93,"column":4},"end":{"line":93,"column":4}},{"start":{"line":93,"column":4},"end":{"line":93,"column":4}}]},"16":{"line":98,"type":"if","locations":[{"start":{"line":98,"column":5},"end":{"line":98,"column":5}},{"start":{"line":98,"column":5},"end":{"line":98,"column":5}}]},"17":{"line":103,"type":"if","locations":[{"start":{"line":103,"column":7},"end":{"line":103,"column":7}},{"start":{"line":103,"column":7},"end":{"line":103,"column":7}}]},"18":{"line":108,"type":"if","locations":[{"start":{"line":108,"column":5},"end":{"line":108,"column":5}},{"start":{"line":108,"column":5},"end":{"line":108,"column":5}}]},"19":{"line":108,"type":"binary-expr","locations":[{"start":{"line":108,"column":8},"end":{"line":108,"column":19}},{"start":{"line":108,"column":23},"end":{"line":108,"column":58}}]},"20":{"line":114,"type":"if","locations":[{"start":{"line":114,"column":4},"end":{"line":114,"column":4}},{"start":{"line":114,"column":4},"end":{"line":114,"column":4}}]}}}}