TN:
SF:/home/oem/code/extract-text-webpack-plugin/index.js
FN:14,ExtractTextPluginCompilation
FN:18,(anonymous_2)
FN:21,(anonymous_3)
FN:27,(anonymous_4)
FN:31,(anonymous_5)
FN:38,(anonymous_6)
FN:52,(anonymous_7)
FN:58,(anonymous_8)
FN:68,(anonymous_9)
FN:70,(anonymous_10)
FN:77,isInvalidOrder
FN:83,getOrder
FN:103,ExtractTextPlugin
FN:116,mergeOptions
FN:118,(anonymous_15)
FN:124,(anonymous_16)
FN:128,(anonymous_17)
FN:145,(anonymous_18)
FN:156,(anonymous_19)
FN:162,(anonymous_20)
FN:179,(anonymous_21)
FN:181,(anonymous_22)
FN:183,(anonymous_23)
FN:184,(anonymous_24)
FN:199,(anonymous_25)
FN:200,(anonymous_26)
FN:203,(anonymous_27)
FN:207,(anonymous_28)
FN:208,(anonymous_29)
FN:211,(anonymous_30)
FN:218,(anonymous_31)
FN:221,(anonymous_32)
FN:225,(anonymous_33)
FN:231,(anonymous_34)
FN:237,(anonymous_35)
FN:240,(anonymous_36)
FN:246,(anonymous_37)
FN:267,(anonymous_38)
FN:271,(anonymous_39)
FN:273,(anonymous_40)
FN:277,(anonymous_41)
FN:279,(anonymous_42)
FN:288,(anonymous_43)
FN:289,(anonymous_44)
FN:291,(anonymous_45)
FN:302,(anonymous_46)
FNF:46
FNH:41
FNDA:8,ExtractTextPluginCompilation
FNDA:20,(anonymous_2)
FNDA:8,(anonymous_3)
FNDA:7,(anonymous_4)
FNDA:0,(anonymous_5)
FNDA:18,(anonymous_6)
FNDA:18,(anonymous_7)
FNDA:18,(anonymous_8)
FNDA:12,(anonymous_9)
FNDA:21,(anonymous_10)
FNDA:9,isInvalidOrder
FNDA:9,getOrder
FNDA:8,ExtractTextPlugin
FNDA:8,mergeOptions
FNDA:0,(anonymous_15)
FNDA:8,(anonymous_16)
FNDA:8,(anonymous_17)
FNDA:21,(anonymous_18)
FNDA:0,(anonymous_19)
FNDA:0,(anonymous_20)
FNDA:8,(anonymous_21)
FNDA:8,(anonymous_22)
FNDA:43,(anonymous_23)
FNDA:46,(anonymous_24)
FNDA:8,(anonymous_25)
FNDA:20,(anonymous_26)
FNDA:20,(anonymous_27)
FNDA:8,(anonymous_28)
FNDA:19,(anonymous_29)
FNDA:19,(anonymous_30)
FNDA:8,(anonymous_31)
FNDA:8,(anonymous_32)
FNDA:12,(anonymous_33)
FNDA:12,(anonymous_34)
FNDA:19,(anonymous_35)
FNDA:36,(anonymous_36)
FNDA:10,(anonymous_37)
FNDA:19,(anonymous_38)
FNDA:8,(anonymous_39)
FNDA:19,(anonymous_40)
FNDA:19,(anonymous_41)
FNDA:4,(anonymous_42)
FNDA:8,(anonymous_43)
FNDA:19,(anonymous_44)
FNDA:9,(anonymous_45)
FNDA:0,(anonymous_46)
DA:5,1
DA:6,1
DA:7,1
DA:8,1
DA:9,1
DA:10,1
DA:12,1
DA:14,1
DA:15,8
DA:18,1
DA:19,20
DA:20,12
DA:21,12
DA:22,8
DA:23,8
DA:25,8
DA:26,8
DA:27,8
DA:28,7
DA:29,7
DA:31,8
DA:32,0
DA:33,0
DA:38,1
DA:39,18
DA:40,18
DA:41,16
DA:43,2
DA:44,2
DA:45,2
DA:46,0
DA:49,18
DA:52,1
DA:53,18
DA:54,0
DA:56,18
DA:57,18
DA:58,18
DA:59,18
DA:60,18
DA:61,18
DA:62,18
DA:63,18
DA:64,18
DA:68,1
DA:69,12
DA:70,12
DA:71,21
DA:72,21
DA:74,12
DA:77,1
DA:78,9
DA:79,9
DA:80,9
DA:83,1
DA:84,9
DA:85,9
DA:86,9
DA:87,9
DA:88,9
DA:89,9
DA:90,9
DA:91,0
DA:92,0
DA:93,0
DA:94,0
DA:95,0
DA:96,0
DA:97,0
DA:98,0
DA:99,0
DA:100,0
DA:103,1
DA:104,8
DA:105,8
DA:106,8
DA:107,8
DA:109,8
DA:110,8
DA:111,8
DA:112,8
DA:114,1
DA:116,1
DA:117,8
DA:118,0
DA:119,0
DA:121,0
DA:124,1
DA:125,8
DA:128,1
DA:129,8
DA:130,0
DA:131,0
DA:133,0
DA:137,8
DA:138,8
DA:139,8
DA:145,1
DA:146,21
DA:147,0
DA:153,21
DA:156,1
DA:157,0
DA:158,0
DA:159,0
DA:162,1
DA:163,0
DA:164,0
DA:165,0
DA:167,0
DA:171,0
DA:172,0
DA:173,0
DA:179,1
DA:180,8
DA:181,8
DA:182,8
DA:183,8
DA:184,43
DA:185,46
DA:186,0
DA:187,46
DA:188,0
DA:189,46
DA:193,46
DA:196,8
DA:197,8
DA:198,8
DA:199,8
DA:200,8
DA:201,20
DA:203,8
DA:204,20
DA:207,8
DA:208,8
DA:209,19
DA:211,8
DA:212,19
DA:213,19
DA:214,19
DA:215,19
DA:216,19
DA:217,19
DA:218,19
DA:219,8
DA:221,19
DA:222,8
DA:225,8
DA:226,12
DA:227,12
DA:228,12
DA:229,12
DA:231,8
DA:232,12
DA:233,12
DA:234,12
DA:235,12
DA:237,8
DA:238,19
DA:239,19
DA:240,19
DA:241,36
DA:242,36
DA:243,23
DA:244,23
DA:245,10
DA:246,10
DA:247,10
DA:248,0
DA:249,0
DA:251,10
DA:252,10
DA:253,0
DA:254,0
DA:255,0
DA:257,10
DA:258,10
DA:259,10
DA:262,13
DA:263,8
DA:264,13
DA:266,13
DA:268,19
DA:269,19
DA:272,8
DA:273,8
DA:274,19
DA:275,12
DA:277,8
DA:278,19
DA:279,7
DA:280,4
DA:284,8
DA:285,8
DA:288,8
DA:289,8
DA:290,19
DA:291,12
DA:292,9
DA:293,0
DA:294,0
DA:296,9
DA:298,12
DA:299,12
DA:300,12
DA:303,0
DA:305,12
DA:306,12
DA:309,8
LF:209
LH:168
BRDA:19,1,0,12
BRDA:19,1,1,8
BRDA:22,2,0,0
BRDA:22,2,1,8
BRDA:25,3,0,8
BRDA:25,3,1,0
BRDA:32,4,0,0
BRDA:32,4,1,0
BRDA:40,5,0,16
BRDA:40,5,1,2
BRDA:45,6,0,0
BRDA:45,6,1,2
BRDA:53,7,0,0
BRDA:53,7,1,18
BRDA:60,8,0,18
BRDA:60,8,1,18
BRDA:63,9,0,18
BRDA:63,9,1,18
BRDA:80,10,0,9
BRDA:80,10,1,0
BRDA:86,11,0,0
BRDA:86,11,1,9
BRDA:87,12,0,0
BRDA:87,12,1,9
BRDA:90,13,0,9
BRDA:90,13,1,0
BRDA:91,14,0,0
BRDA:91,14,1,0
BRDA:94,15,0,0
BRDA:94,15,1,0
BRDA:94,16,0,0
BRDA:94,16,1,0
BRDA:95,17,0,0
BRDA:95,17,1,0
BRDA:95,18,0,0
BRDA:95,18,1,0
BRDA:98,19,0,0
BRDA:98,19,1,0
BRDA:99,20,0,0
BRDA:99,20,1,0
BRDA:104,21,0,8
BRDA:104,21,1,0
BRDA:109,22,0,3
BRDA:109,22,1,5
BRDA:117,23,0,8
BRDA:117,23,1,0
BRDA:125,24,0,8
BRDA:125,24,1,0
BRDA:129,25,0,0
BRDA:129,25,1,8
BRDA:129,26,0,8
BRDA:129,26,1,8
BRDA:130,27,0,0
BRDA:130,27,1,0
BRDA:146,28,0,0
BRDA:146,28,1,21
BRDA:157,29,0,0
BRDA:157,29,1,0
BRDA:163,30,0,0
BRDA:163,30,1,0
BRDA:163,31,0,0
BRDA:163,31,1,0
BRDA:164,32,0,0
BRDA:164,32,1,0
BRDA:185,33,0,0
BRDA:185,33,1,46
BRDA:187,34,0,0
BRDA:187,34,1,46
BRDA:187,35,0,46
BRDA:187,35,1,30
BRDA:191,36,0,46
BRDA:191,36,1,0
BRDA:193,37,0,46
BRDA:193,37,1,34
BRDA:227,38,0,0
BRDA:227,38,1,12
BRDA:233,39,0,0
BRDA:233,39,1,12
BRDA:239,40,0,19
BRDA:239,40,1,10
BRDA:241,41,0,36
BRDA:241,41,1,36
BRDA:242,42,0,23
BRDA:242,42,1,13
BRDA:242,43,0,36
BRDA:242,43,1,23
BRDA:242,43,2,0
BRDA:244,44,0,10
BRDA:244,44,1,13
BRDA:247,45,0,0
BRDA:247,45,1,10
BRDA:252,46,0,0
BRDA:252,46,1,10
BRDA:257,47,0,10
BRDA:257,47,1,0
BRDA:262,48,0,8
BRDA:262,48,1,5
BRDA:268,49,0,0
BRDA:268,49,1,19
BRDA:272,50,0,0
BRDA:272,50,1,8
BRDA:274,51,0,12
BRDA:274,51,1,7
BRDA:278,52,0,7
BRDA:278,52,1,12
BRDA:290,53,0,12
BRDA:290,53,1,7
BRDA:292,54,0,0
BRDA:292,54,1,9
BRF:109
BRH:58
end_of_record
TN:
SF:/home/oem/code/extract-text-webpack-plugin/ExtractedModule.js
FN:8,ExtractedModule
FN:19,(anonymous_2)
FN:24,(anonymous_3)
FN:32,(anonymous_4)
FN:36,(anonymous_5)
FN:38,(anonymous_6)
FN:42,(anonymous_7)
FN:49,(anonymous_8)
FN:53,(anonymous_9)
FN:57,(anonymous_10)
FN:58,(anonymous_11)
FN:64,(anonymous_12)
FNF:12
FNH:8
FNDA:16,ExtractedModule
FNDA:18,(anonymous_2)
FNDA:25,(anonymous_3)
FNDA:4,(anonymous_4)
FNDA:0,(anonymous_5)
FNDA:0,(anonymous_6)
FNDA:21,(anonymous_7)
FNDA:20,(anonymous_8)
FNDA:18,(anonymous_9)
FNDA:2,(anonymous_10)
FNDA:0,(anonymous_11)
FNDA:0,(anonymous_12)
DA:5,1
DA:6,1
DA:8,1
DA:9,16
DA:10,16
DA:11,16
DA:12,16
DA:13,16
DA:14,16
DA:15,16
DA:17,1
DA:19,1
DA:21,18
DA:24,1
DA:25,25
DA:26,25
DA:27,25
DA:30,1
DA:32,1
DA:33,4
DA:36,1
DA:38,1
DA:39,0
DA:42,1
DA:43,21
DA:44,0
DA:46,21
DA:49,1
DA:50,20
DA:53,1
DA:54,18
DA:57,1
DA:58,2
DA:59,0
DA:60,0
DA:64,1
DA:65,0
LF:37
LH:32
BRDA:21,1,0,0
BRDA:21,1,1,18
BRDA:26,2,0,25
BRDA:26,2,1,0
BRDA:43,3,0,0
BRDA:43,3,1,21
BRDA:59,4,0,0
BRDA:59,4,1,0
BRF:8
BRH:3
end_of_record
TN:
SF:/home/oem/code/extract-text-webpack-plugin/OrderUndefinedError.js
FN:5,OrderUndefinedError
FNF:1
FNH:0
FNDA:0,OrderUndefinedError
DA:5,1
DA:6,0
DA:7,0
DA:8,0
DA:9,0
DA:10,0
DA:12,1
DA:14,1
LF:8
LH:3
BRF:0
BRH:0
end_of_record
TN:
SF:/home/oem/code/extract-text-webpack-plugin/loader.js
FN:11,(anonymous_1)
FN:15,(anonymous_2)
FN:53,(anonymous_3)
FN:62,(anonymous_4)
FN:63,(anonymous_5)
FN:68,(anonymous_6)
FN:72,(anonymous_7)
FN:73,(anonymous_8)
FN:81,(anonymous_9)
FN:87,(anonymous_10)
FN:90,(anonymous_11)
FN:100,(anonymous_12)
FN:102,(anonymous_13)
FNF:13
FNH:12
FNDA:14,(anonymous_1)
FNDA:30,(anonymous_2)
FNDA:16,(anonymous_3)
FNDA:16,(anonymous_4)
FNDA:16,(anonymous_5)
FNDA:16,(anonymous_6)
FNDA:16,(anonymous_7)
FNDA:16,(anonymous_8)
FNDA:16,(anonymous_9)
FNDA:16,(anonymous_10)
FNDA:0,(anonymous_11)
FNDA:16,(anonymous_12)
FNDA:16,(anonymous_13)
DA:5,1
DA:6,1
DA:7,1
DA:8,1
DA:9,1
DA:10,1
DA:11,1
DA:12,14
DA:13,14
DA:15,1
DA:16,30
DA:17,30
DA:18,30
DA:20,30
DA:21,0
DA:25,30
DA:26,0
DA:27,30
DA:28,16
DA:29,0
DA:30,0
DA:32,16
DA:33,16
DA:34,16
DA:36,0
DA:39,16
DA:40,16
DA:41,16
DA:42,16
DA:46,16
DA:47,16
DA:48,16
DA:49,16
DA:50,16
DA:51,16
DA:52,16
DA:53,16
DA:54,16
DA:55,16
DA:56,16
DA:57,16
DA:62,16
DA:63,16
DA:64,16
DA:67,16
DA:68,16
DA:69,16
DA:72,16
DA:73,16
DA:74,16
DA:78,16
DA:80,16
DA:81,16
DA:82,16
DA:84,16
DA:85,0
DA:87,16
DA:88,16
DA:90,16
DA:91,0
DA:93,16
DA:94,0
DA:96,16
DA:97,16
DA:98,16
DA:99,16
DA:100,16
DA:101,16
DA:102,16
DA:103,16
DA:104,16
DA:107,16
DA:108,16
DA:109,0
DA:112,0
DA:114,16
DA:115,16
DA:117,0
DA:120,0
DA:121,0
LF:80
LH:67
BRDA:12,1,0,14
BRDA:12,1,1,0
BRDA:16,2,0,30
BRDA:16,2,1,0
BRDA:20,3,0,0
BRDA:20,3,1,30
BRDA:25,4,0,0
BRDA:25,4,1,30
BRDA:27,5,0,16
BRDA:27,5,1,14
BRDA:28,6,0,0
BRDA:28,6,1,16
BRDA:33,7,0,16
BRDA:33,7,1,0
BRDA:39,8,0,16
BRDA:39,8,1,0
BRDA:41,9,0,0
BRDA:41,9,1,16
BRDA:54,10,0,16
BRDA:54,10,1,0
BRDA:55,11,0,16
BRDA:55,11,1,0
BRDA:69,12,0,16
BRDA:69,12,1,16
BRDA:82,13,0,0
BRDA:82,13,1,16
BRDA:84,14,0,0
BRDA:84,14,1,16
BRDA:93,15,0,0
BRDA:93,15,1,16
BRDA:98,16,0,16
BRDA:98,16,1,0
BRDA:103,17,0,16
BRDA:103,17,1,0
BRDA:108,18,0,0
BRDA:108,18,1,16
BRDA:108,19,0,16
BRDA:108,19,1,0
BRDA:114,20,0,16
BRDA:114,20,1,0
BRF:40
BRH:22
end_of_record
